TN:
SF:src\data\database.ts
FN:5,(anonymous_1)
FN:28,oo_cm
FNF:2
FNH:2
FNDA:3,(anonymous_1)
FNDA:3,oo_cm
DA:1,3
DA:2,3
DA:3,3
DA:5,3
DA:6,3
DA:8,3
DA:9,3
DA:10,0
DA:14,3
DA:15,3
DA:17,0
DA:21,3
DA:28,3
LF:13
LH:11
BRDA:9,0,0,0
BRDA:28,1,0,3
BRDA:28,1,1,3
BRF:3
BRH:2
end_of_record
TN:
SF:src\models\alquiler.ts
FNF:0
FNH:0
DA:1,1
DA:20,1
DA:25,1
DA:49,1
LF:4
LH:4
BRF:0
BRH:0
end_of_record
TN:
SF:src\models\aportacion.ts
FN:4,(anonymous_9)
FNF:1
FNH:1
FNDA:1,(anonymous_9)
DA:1,1
DA:4,1
DA:5,1
DA:6,1
DA:7,1
DA:35,1
DA:42,1
DA:47,1
DA:63,1
DA:79,1
DA:98,1
DA:120,1
LF:12
LH:12
BRDA:4,0,0,1
BRDA:4,0,1,1
BRF:2
BRH:2
end_of_record
TN:
SF:src\models\usuario.ts
FN:4,(anonymous_9)
FNF:1
FNH:1
FNDA:2,(anonymous_9)
DA:1,2
DA:4,2
DA:5,2
DA:6,2
DA:7,2
DA:8,2
DA:25,2
DA:50,2
LF:8
LH:8
BRDA:4,0,0,2
BRDA:4,0,1,2
BRF:2
BRH:2
end_of_record
TN:
SF:src\services\alquiler.service.ts
FN:4,(anonymous_0)
FN:13,(anonymous_1)
FN:21,(anonymous_2)
FN:32,(anonymous_3)
FN:40,(anonymous_4)
FN:52,(anonymous_5)
FN:60,(anonymous_6)
FN:68,(anonymous_7)
FN:75,(anonymous_8)
FNF:9
FNH:7
FNDA:9,(anonymous_0)
FNDA:3,(anonymous_1)
FNDA:2,(anonymous_2)
FNDA:2,(anonymous_3)
FNDA:2,(anonymous_4)
FNDA:2,(anonymous_5)
FNDA:2,(anonymous_6)
FNDA:0,(anonymous_7)
FNDA:0,(anonymous_8)
DA:1,1
DA:3,1
DA:5,9
DA:6,9
DA:7,9
DA:9,0
DA:14,3
DA:15,3
DA:17,0
DA:22,2
DA:23,2
DA:28,0
DA:33,2
DA:34,2
DA:36,0
DA:41,2
DA:42,2
DA:48,0
DA:53,2
DA:54,2
DA:56,0
DA:61,2
DA:62,2
DA:64,0
DA:72,0
DA:76,0
LF:26
LH:17
BRF:0
BRH:0
end_of_record
TN:
SF:src\services\aportacion.service.ts
FN:8,(anonymous_0)
FN:12,(anonymous_1)
FN:25,(anonymous_2)
FN:56,(anonymous_3)
FN:65,(anonymous_4)
FN:73,(anonymous_5)
FN:88,(anonymous_6)
FN:106,(anonymous_7)
FN:115,(anonymous_8)
FNF:9
FNH:8
FNDA:12,(anonymous_0)
FNDA:5,(anonymous_1)
FNDA:8,(anonymous_2)
FNDA:3,(anonymous_3)
FNDA:6,(anonymous_4)
FNDA:0,(anonymous_5)
FNDA:1,(anonymous_6)
FNDA:2,(anonymous_7)
FNDA:2,(anonymous_8)
DA:1,1
DA:2,1
DA:3,1
DA:5,1
DA:9,12
DA:13,5
DA:15,4
DA:17,1
DA:19,0
DA:21,0
DA:26,8
DA:28,8
DA:29,8
DA:30,3
DA:34,5
DA:35,5
DA:36,0
DA:40,5
DA:43,5
DA:50,5
DA:52,3
DA:57,3
DA:59,3
DA:61,0
DA:66,6
DA:67,6
DA:69,0
DA:74,0
DA:76,0
DA:77,0
DA:78,0
DA:82,0
DA:84,0
DA:89,1
DA:91,1
DA:92,1
DA:93,1
DA:96,1
DA:102,0
DA:107,2
DA:109,2
DA:111,0
DA:116,2
DA:117,2
DA:119,0
LF:45
LH:31
BRDA:13,0,0,4
BRDA:13,0,1,1
BRDA:13,0,2,0
BRDA:13,0,3,0
BRDA:29,1,0,3
BRDA:35,2,0,0
BRDA:77,3,0,0
BRF:7
BRH:3
end_of_record
TN:
SF:src\services\usuario.service.ts
FN:5,(anonymous_0)
FN:33,(anonymous_1)
FN:41,(anonymous_2)
FN:49,(anonymous_3)
FN:61,(anonymous_4)
FN:69,(anonymous_5)
FNF:6
FNH:6
FNDA:9,(anonymous_0)
FNDA:11,(anonymous_1)
FNDA:2,(anonymous_2)
FNDA:2,(anonymous_3)
FNDA:2,(anonymous_4)
FNDA:2,(anonymous_5)
DA:1,2
DA:2,2
DA:4,2
DA:6,9
DA:8,9
DA:11,9
DA:18,9
DA:19,1
DA:22,8
DA:27,8
DA:29,2
DA:34,11
DA:35,11
DA:37,0
DA:42,2
DA:43,2
DA:45,0
DA:50,2
DA:51,2
DA:57,0
DA:62,2
DA:63,2
DA:65,0
DA:70,2
DA:71,2
DA:73,0
LF:26
LH:21
BRDA:18,0,0,1
BRF:1
BRH:1
end_of_record
